<?xml version="1.0" encoding="UTF-8"?>
<!-- Generated by org.testng.reporters.JUnitXMLReporter -->
<testsuite ignored="0" hostname="DESKTOP-FMEUHSE" failures="0" tests="3" name="Default test" time="4.858" errors="0" timestamp="2023-12-11T20:12:22 ICT">
  <testcase classname="com.api.auto.testcase.TC_API_CreateWork" name="TC1_StatusCodeTest" time="0.019"/>
  <testcase classname="com.api.auto.testcase.TC_API_CreateWork" name="TC2_jobIdCheck" time="0.004"/>
  <testcase classname="com.api.auto.testcase.TC_API_CreateWork" name="TC3_inforCheck" time="1.099"/>
</testsuite> <!-- Default test -->
