<?xml version="1.0" encoding="UTF-8"?>
<!-- Generated by org.testng.reporters.JUnitXMLReporter -->
<testsuite ignored="0" hostname="DESKTOP-FMEUHSE" failures="0" tests="7" name="Test" time="3.205" errors="0" timestamp="2023-12-11T19:56:10 ICT">
  <testcase classname="com.api.auto.testcase.TC_API_CreateWork" name="TC1_StatusCodeTest" time="0.01"/>
  <testcase classname="com.api.auto.testcase.TC_API_CreateWork" name="TC2_jobIdCheck" time="0.002"/>
  <testcase classname="com.api.auto.testcase.TC_API_CreateWork" name="TC3_inforCheck" time="0.568"/>
  <testcase classname="com.api.auto.testcase.TC_API_Login" name="TC01_StatusCodeTest" time="0.001"/>
  <testcase classname="com.api.auto.testcase.TC_API_Login" name="TC02_messageCheck" time="0.017"/>
  <testcase classname="com.api.auto.testcase.TC_API_Login" name="TC4_inforCheck" time="0.058"/>
  <testcase classname="com.api.auto.testcase.TC_API_Login" name="TC3_tokenCheck" time="0.059"/>
</testsuite> <!-- Test -->
