<?xml version="1.0" encoding="UTF-8"?>
<testng-results ignored="0" total="4" passed="4" failed="0" skipped="0">
  <reporter-output>
  </reporter-output>
  <suite started-at="2023-12-15T15:08:59 ICT" name="Default suite" finished-at="2023-12-15T15:09:01 ICT" duration-ms="2580">
    <groups>
    </groups>
    <test started-at="2023-12-15T15:08:59 ICT" name="Default test" finished-at="2023-12-15T15:09:01 ICT" duration-ms="2580">
      <class name="com.api.auto.testcase.TC_API_Login">
        <test-method is-config="true" signature="init()[pri:0, instance:com.api.auto.testcase.TC_API_Login@6bd61f98]" started-at="2023-12-15T15:08:59 ICT" name="init" finished-at="2023-12-15T15:09:01 ICT" duration-ms="1872" status="PASS">
          <reporter-output>
          </reporter-output>
        </test-method> <!-- init -->
        <test-method signature="TC01_StatusCodeTest()[pri:1, instance:com.api.auto.testcase.TC_API_Login@6bd61f98]" started-at="2023-12-15T15:09:01 ICT" name="TC01_StatusCodeTest" finished-at="2023-12-15T15:09:01 ICT" duration-ms="107" status="PASS">
          <reporter-output>
          </reporter-output>
        </test-method> <!-- TC01_StatusCodeTest -->
        <test-method signature="TC02_messageCheck()[pri:3, instance:com.api.auto.testcase.TC_API_Login@6bd61f98]" started-at="2023-12-15T15:09:01 ICT" name="TC02_messageCheck" finished-at="2023-12-15T15:09:01 ICT" duration-ms="499" status="PASS">
          <reporter-output>
          </reporter-output>
        </test-method> <!-- TC02_messageCheck -->
        <test-method signature="TC4_inforCheck()[pri:3, instance:com.api.auto.testcase.TC_API_Login@6bd61f98]" started-at="2023-12-15T15:09:01 ICT" name="TC4_inforCheck" finished-at="2023-12-15T15:09:01 ICT" duration-ms="36" status="PASS">
          <reporter-output>
          </reporter-output>
        </test-method> <!-- TC4_inforCheck -->
        <test-method signature="TC3_tokenCheck()[pri:4, instance:com.api.auto.testcase.TC_API_Login@6bd61f98]" started-at="2023-12-15T15:09:01 ICT" name="TC3_tokenCheck" finished-at="2023-12-15T15:09:01 ICT" duration-ms="33" status="PASS">
          <reporter-output>
          </reporter-output>
        </test-method> <!-- TC3_tokenCheck -->
      </class> <!-- com.api.auto.testcase.TC_API_Login -->
    </test> <!-- Default test -->
  </suite> <!-- Default suite -->
</testng-results>
