<?xml version="1.0" encoding="UTF-8"?>
<testng-results ignored="0" total="3" passed="3" failed="0" skipped="0">
  <reporter-output>
  </reporter-output>
  <suite started-at="2023-12-11T20:12:17 ICT" name="Default suite" finished-at="2023-12-11T20:12:22 ICT" duration-ms="4858">
    <groups>
    </groups>
    <test started-at="2023-12-11T20:12:17 ICT" name="Default test" finished-at="2023-12-11T20:12:22 ICT" duration-ms="4858">
      <class name="com.api.auto.testcase.TC_API_CreateWork">
        <test-method is-config="true" signature="init()[pri:0, instance:com.api.auto.testcase.TC_API_CreateWork@4efac082]" started-at="2023-12-11T20:12:17 ICT" name="init" finished-at="2023-12-11T20:12:21 ICT" duration-ms="3668" status="PASS">
          <reporter-output>
          </reporter-output>
        </test-method> <!-- init -->
        <test-method signature="TC1_StatusCodeTest()[pri:1, instance:com.api.auto.testcase.TC_API_CreateWork@4efac082]" started-at="2023-12-11T20:12:21 ICT" name="TC1_StatusCodeTest" finished-at="2023-12-11T20:12:21 ICT" duration-ms="19" status="PASS">
          <reporter-output>
          </reporter-output>
        </test-method> <!-- TC1_StatusCodeTest -->
        <test-method signature="TC2_jobIdCheck()[pri:2, instance:com.api.auto.testcase.TC_API_CreateWork@4efac082]" started-at="2023-12-11T20:12:21 ICT" name="TC2_jobIdCheck" finished-at="2023-12-11T20:12:21 ICT" duration-ms="4" status="PASS">
          <reporter-output>
          </reporter-output>
        </test-method> <!-- TC2_jobIdCheck -->
        <test-method signature="TC3_inforCheck()[pri:3, instance:com.api.auto.testcase.TC_API_CreateWork@4efac082]" started-at="2023-12-11T20:12:21 ICT" name="TC3_inforCheck" finished-at="2023-12-11T20:12:22 ICT" duration-ms="1099" status="PASS">
          <reporter-output>
          </reporter-output>
        </test-method> <!-- TC3_inforCheck -->
      </class> <!-- com.api.auto.testcase.TC_API_CreateWork -->
    </test> <!-- Default test -->
  </suite> <!-- Default suite -->
</testng-results>
